<?xml version="1.0" encoding="UTF-8"?>
<testsuite xmlns:xsi="http://www.w3.org/2001/XMLSchema-instance" xsi:noNamespaceSchemaLocation="https://maven.apache.org/surefire/maven-surefire-plugin/xsd/surefire-test-report-3.0.xsd" version="3.0" name="com.businessflow.catalog.CatalogServiceApplicationTest" time="2.144" tests="1" errors="0" skipped="0" failures="0">
  <properties>
[...]
</properties>
  <testcase name="healthEndpointReturnsServiceInfo" classname="com.businessflow.catalog.CatalogServiceApplicationTest" time="0.665">
    <system-out><![CDATA[16:31:17.159 [main] INFO org.springframework.test.context.support.AnnotationConfigContextLoaderUtils -- Could not detect default configuration classes for test class [com.businessflow.catalog.CatalogServiceApplicationTest]: CatalogServiceApplicationTest does not declare any static, non-private, non-final, nested classes annotated with @Configuration.
16:31:17.246 [main] INFO org.springframework.boot.test.context.SpringBootTestContextBootstrapper -- Found @SpringBootConfiguration com.businessflow.catalog.CatalogServiceApplication for test class com.businessflow.catalog.CatalogServiceApplicationTest

  .   ____          _            __ _ _
 /\\ / ___'_ __ _ _(_)_ __  __ _ \ \ \ \
( ( )\___ | '_ | '_| | '_ \/ _` | \ \ \ \
 \\/  ___)| |_)| | | | | || (_| |  ) ) ) )
  '  |____| .__|_| |_|_| |_\__, | / / / /
 =========|_|==============|___/=/_/_/_/

 :: Spring Boot ::                (v3.3.3)

2026-07-28T16:31:17.564-04:00  INFO 26444 --- [           main] c.b.c.CatalogServiceApplicationTest      : Starting CatalogServiceApplicationTest using Java 17.0.12 with PID 26444 (started by PC in C:\Users\PC\businessflow\services\catalog-service)
2026-07-28T16:31:17.566-04:00  INFO 26444 --- [           main] c.b.c.CatalogServiceApplicationTest      : No active profile set, falling back to 1 default profile: "default"
2026-07-28T16:31:18.485-04:00  INFO 26444 --- [           main] o.s.b.t.m.w.SpringBootMockServletContext : Initializing Spring TestDispatcherServlet ''
2026-07-28T16:31:18.486-04:00  INFO 26444 --- [           main] o.s.t.web.servlet.TestDispatcherServlet  : Initializing Servlet ''
2026-07-28T16:31:18.488-04:00  INFO 26444 --- [           main] o.s.t.web.servlet.TestDispatcherServlet  : Completed initialization in 0 ms
2026-07-28T16:31:18.510-04:00  INFO 26444 --- [           main] c.b.c.CatalogServiceApplicationTest      : Started CatalogServiceApplicationTest in 1.14 seconds (process running for 1.818)
]]></system-out>
  </testcase>
</testsuite>